Case #1:
1 1
Case #2:
1 1
2 2
Case #3:
1 1
2 3
2 3
3 3
Case #4:
3 3
1 3
1 3
1 3
Case #5:
5 5
3 5
3 5
1 5
1 5
2 5
1 5
1 5
Case #6:
1 9
1 9
1 9
1 9
1 9
1 9
1 9
1 9
1 9
1 9
1 9
1 9
1 9
1 9
1 9
1 9
Case #7:
1 5
1 5
1 5
1 5
1 5
2 5
1 5
1 5
Case #8:
1 5
1 5
1 5
2 5
1 5
1 5
1 5
1 5
Case #9:
2 2
1 1
Case #10:
2 3
1 1
3 3
2 3
Case #11:
1 5
1 5
2 5
2 5
1 5
1 5
1 5
1 5
Case #12:
1 1
2 2
Case #13:
1 1
2 2
Case #14:
3 3
1 3
1 3
1 3
Case #15:
1 9
1 9
1 9
1 9
1 9
1 9
1 9
1 9
1 9
1 9
1 9
1 9
1 9
1 9
1 9
1 9
Case #16:
2 5
2 5
2 5
1 1
2 5
2 5
2 5
2 5
Case #17:
1 5
1 5
2 5
1 5
2 5
5 5
1 5
1 5
Case #18:
2 2
1 1
Case #19:
1 9
1 9
1 9
1 9
1 9
1 9
1 9
1 9
1 9
1 9
1 9
1 9
1 9
1 9
1 9
1 9
Case #20:
1 5
1 5
1 5
1 5
1 5
2 5
1 5
1 5
Case #21:
1 5
1 5
2 5
1 5
1 5
2 5
3 5
1 5
Case #22:
1 1
3 3
2 3
2 3
Case #23:
1 9
1 9
1 9
1 9
1 9
1 9
1 9
3 9
1 9
1 9
1 9
1 9
1 9
1 9
1 9
1 9
Case #24:
2 2
1 1
Case #25:
1 9
1 9
1 9
1 9
1 9
1 9
1 9
1 9
1 9
1 9
1 9
1 9
1 9
1 9
1 9
1 9
Case #26:
3 5
1 5
2 5
1 5
1 5
1 5
1 5
1 5
Case #27:
3 3
2 3
1 1
2 3
Case #28:
1 1
2 3
3 3
2 3
Case #29:
1 1
2 2
Case #30:
1 9
2 9
1 9
1 9
1 9
1 9
1 9
1 9
2 9
1 9
1 9
1 9
1 9
1 9
1 9
1 9
Case #31:
1 1
2 2
Case #32:
1 5
1 5
1 5
1 5
1 5
2 5
1 5
2 5
Case #33:
2 3
1 1
2 3
2 3
Case #34:
1 9
1 9
1 9
1 9
1 9
1 9
1 9
1 9
1 9
1 9
1 9
1 9
1 9
1 9
1 9
1 9
Case #35:
1 1
2 2
Case #36:
2 5
3 5
1 1
2 5
2 5
2 5
2 5
2 5
Case #37:
1 5
1 5
1 5
1 5
1 5
1 5
2 5
2 5
Case #38:
2 3
3 3
2 3
1 1
Case #39:
2 2
1 1
Case #40:
2 5
2 5
2 5
2 5
2 5
2 5
2 5
1 1
Case #41:
1 5
2 5
1 5
1 5
1 5
1 5
1 5
1 5
Case #42:
1 9
1 9
1 9
1 9
1 9
1 9
1 9
1 9
1 9
1 9
1 9
1 9
1 9
1 9
1 9
1 9
Case #43:
1 9
1 9
1 9
1 9
1 9
1 9
1 9
1 9
1 9
1 9
1 9
1 9
1 9
1 9
1 9
1 9
Case #44:
2 3
1 1
3 3
2 3
Case #45:
2 2
1 1
Case #46:
1 1
2 2
Case #47:
2 3
2 3
2 3
1 1
Case #48:
1 9
1 9
1 9
1 9
1 9
1 9
1 9
1 9
1 9
1 9
1 9
1 9
1 9
1 9
1 9
1 9
Case #49:
1 9
1 9
1 9
2 9
1 9
1 9
1 9
1 9
1 9
1 9
1 9
1 9
1 9
1 9
1 9
1 9
Case #50:
3 3
1 1
2 3
2 3
Case #51:
1 1
2 2
Case #52:
2 5
1 5
1 5
1 5
1 5
1 5
1 5
1 5
Case #53:
2 3
2 3
1 3
1 3
Case #54:
2 3
2 3
2 3
1 1
Case #55:
2 2
1 1
Case #56:
1 9
1 9
1 9
1 9
1 9
1 9
1 9
1 9
1 9
1 9
1 9
1 9
1 9
1 9
1 9
1 9
Case #57:
1 5
1 5
1 5
2 5
1 5
1 5
1 5
1 5
Case #58:
2 3
1 1
2 3
2 3
Case #59:
1 9
1 9
1 9
1 9
1 9
1 9
1 9
1 9
1 9
1 9
1 9
1 9
1 9
1 9
1 9
1 9
Case #60:
1 1
2 2
Case #61:
1 1
2 2
Case #62:
1 9
1 9
1 9
1 9
1 9
1 9
1 9
1 9
1 9
1 9
1 9
1 9
1 9
1 9
1 9
1 9
Case #63:
1 5
3 5
1 5
1 5
1 5
2 5
1 5
1 5
Case #64:
1 9
1 9
1 9
1 9
1 9
1 9
1 9
1 9
1 9
1 9
1 9
1 9
1 9
1 9
1 9
1 9
Case #65:
1 3
1 3
1 3
3 3
Case #66:
2 3
2 3
1 3
1 3
Case #67:
1 3
1 3
2 3
2 3
Case #68:
2 5
2 5
2 5
1 5
1 5
1 5
2 5
2 5
Case #69:
1 9
1 9
1 9
1 9
1 9
3 9
1 9
1 9
1 9
1 9
1 9
1 9
1 9
1 9
1 9
1 9
Case #70:
2 2
1 1
Case #71:
1 3
2 3
1 3
2 3
Case #72:
1 9
1 9
1 9
1 9
1 9
1 9
1 9
1 9
1 9
1 9
1 9
1 9
1 9
1 9
1 9
1 9
Case #73:
1 9
1 9
1 9
2 9
1 9
1 9
1 9
1 9
1 9
1 9
1 9
1 9
1 9
3 9
1 9
1 9
Case #74:
1 5
1 5
2 5
2 5
1 5
1 5
1 5
1 5
Case #75:
2 5
1 5
1 5
1 5
1 5
2 5
1 5
1 5
Case #76:
1 9
1 9
1 9
1 9
1 9
1 9
1 9
1 9
1 9
1 9
1 9
1 9
1 9
1 9
1 9
1 9
Case #77:
1 3
2 3
1 3
2 3
Case #78:
1 9
1 9
1 9
1 9
1 9
1 9
1 9
1 9
1 9
1 9
1 9
1 9
1 9
1 9
1 9
1 9
Case #79:
1 9
1 9
1 9
1 9
1 9
1 9
1 9
1 9
1 9
1 9
1 9
2 9
1 9
1 9
1 9
1 9
Case #80:
3 3
1 3
1 3
1 3
Case #81:
1 1
2 2
Case #82:
1 9
1 9
1 9
1 9
1 9
1 9
1 9
1 9
1 9
1 9
1 9
1 9
1 9
1 9
1 9
1 9
Case #83:
1 9
1 9
2 9
1 9
1 9
1 9
1 9
1 9
1 9
1 9
1 9
1 9
1 9
1 9
1 9
1 9
Case #84:
1 5
1 5
1 5
3 5
1 5
1 5
1 5
1 5
Case #85:
1 5
1 5
2 5
1 5
1 5
1 5
1 5
1 5
Case #86:
3 5
1 5
1 5
1 5
1 5
1 5
1 5
1 5
Case #87:
1 3
2 3
1 3
2 3
Case #88:
1 1
2 2
Case #89:
1 1
2 2
Case #90:
1 3
1 3
3 3
1 3
Case #91:
1 5
1 5
1 5
2 5
2 5
1 5
3 5
1 5
Case #92:
1 9
1 9
1 9
1 9
1 9
1 9
1 9
1 9
1 9
1 9
1 9
1 9
1 9
1 9
1 9
1 9
Case #93:
1 9
1 9
1 9
1 9
1 9
1 9
1 9
1 9
1 9
1 9
1 9
1 9
1 9
1 9
1 9
1 9
Case #94:
1 1
2 2
Case #95:
2 5
2 5
2 5
1 1
2 5
2 5
2 5
2 5
Case #96:
1 1
2 2
Case #97:
1 9
1 9
1 9
1 9
1 9
1 9
1 9
1 9
1 9
1 9
1 9
1 9
1 9
1 9
1 9
1 9
Case #98:
1 5
1 5
1 5
1 5
1 5
1 5
1 5
2 5
Case #99:
2 5
1 5
2 5
2 5
1 5
1 5
1 5
2 5
Case #100:
2 2
1 1
Case #101:
2 2
1 1
Case #102:
2 3
2 3
1 1
3 3
Case #103:
1 9
1 9
1 9
1 9
1 9
1 9
1 9
1 9
1 9
1 9
1 9
1 9
1 9
1 9
1 9
1 9
Case #104:
1 9
1 9
1 9
1 9
1 9
1 9
1 9
1 9
1 9
1 9
1 9
1 9
1 9
1 9
1 9
1 9
Case #105:
1 5
1 5
1 5
3 5
1 5
1 5
1 5
1 5
Case #106:
1 9
1 9
1 9
1 9
1 9
1 9
1 9
1 9
1 9
1 9
1 9
1 9
1 9
1 9
1 9
2 9
Case #107:
3 3
1 3
1 3
1 3
Case #108:
1 5
2 5
1 5
2 5
1 5
1 5
1 5
1 5
Case #109:
1 5
2 5
2 5
1 5
2 5
1 5
1 5
2 5
Case #110:
1 3
1 3
1 3
3 3
Case #111:
2 3
2 3
1 1
2 3
Case #112:
3 5
1 5
1 5
1 5
1 5
1 5
1 5
1 5
Case #113:
1 1
2 2
Case #114:
2 3
1 3
2 3
1 3
Case #115:
1 3
3 3
1 3
1 3
Case #116:
2 2
1 1
Case #117:
2 2
1 1
Case #118:
2 2
1 1
Case #119:
1 3
1 3
3 3
1 3
Case #120:
1 3
2 3
2 3
1 3
Case #121:
1 1
2 2
Case #122:
1 5
1 5
1 5
1 5
1 5
1 5
3 5
1 5
Case #123:
1 3
2 3
2 3
1 3
Case #124:
1 1
2 2
Case #125:
1 1
2 2
Case #126:
1 5
1 5
1 5
1 5
1 5
1 5
1 5
1 5
Case #127:
2 3
2 3
1 3
1 3
Case #128:
3 3
1 3
1 3
1 3
Case #129:
2 2
1 1
Case #130:
2 3
1 1
3 3
2 3
Case #131:
1 5
1 5
3 5
1 5
1 5
2 5
1 5
1 5
Case #132:
2 5
2 5
2 5
3 5
2 5
3 5
2 5
1 1
Case #133:
2 5
3 5
2 5
1 1
2 5
2 5
2 5
2 5
Case #134:
2 3
2 3
2 3
1 1
Case #135:
1 5
2 5
2 5
1 5
1 5
2 5
3 5
1 5
Case #136:
2 3
3 3
1 1
2 3
Case #137:
2 5
1 5
1 5
1 5
5 5
1 5
1 5
1 5
Case #138:
2 5
1 5
1 5
1 5
1 5
1 5
1 5
1 5
Case #139:
1 1
2 3
3 3
2 3
Case #140:
2 2
1 1
Case #141:
1 5
3 5
1 5
1 5
1 5
1 5
3 5
1 5
Case #142:
2 3
3 3
1 1
2 3
Case #143:
2 2
1 1
Case #144:
2 2
1 1
Case #145:
1 5
2 5
1 5
1 5
1 5
1 5
2 5
1 5
Case #146:
3 5
2 5
1 5
1 5
1 5
1 5
1 5
2 5
Case #147:
2 5
3 5
2 5
1 5
1 5
1 5
1 5
2 5
Case #148:
1 5
1 5
1 5
1 5
1 5
3 5
2 5
1 5
Case #149:
1 9
1 9
1 9
1 9
1 9
1 9
1 9
1 9
1 9
1 9
1 9
1 9
1 9
1 9
2 9
1 9
Case #150:
1 1
3 3
2 3
2 3
Case #151:
2 9
1 9
1 9
1 9
1 9
1 9
1 9
1 9
1 9
1 9
1 9
1 9
1 9
1 9
1 9
1 9
Case #152:
3 3
2 3
1 1
2 3
Case #153:
2 2
1 1
Case #154:
2 3
1 1
2 3
3 3
Case #155:
1 3
3 3
1 3
1 3
Case #156:
1 1
2 2
Case #157:
2 3
3 3
1 1
2 3
Case #158:
1 3
1 3
2 3
2 3
Case #159:
2 2
1 1
Case #160:
1 1
2 2
Case #161:
1 1
2 2
Case #162:
1 9
1 9
1 9
1 9
1 9
1 9
1 9
1 9
1 9
1 9
1 9
1 9
1 9
1 9
1 9
1 9
Case #163:
2 3
2 3
1 1
3 3
Case #164:
1 5
1 5
1 5
2 5
2 5
2 5
2 5
3 5
Case #165:
1 5
2 5
1 5
1 5
1 5
1 5
5 5
1 5
Case #166:
1 5
1 5
1 5
3 5
1 5
1 5
2 5
1 5
Case #167:
1 5
1 5
1 5
1 5
1 5
1 5
2 5
1 5
Case #168:
1 3
1 3
1 3
3 3
Case #169:
1 1
2 3
2 3
2 3
Case #170:
1 1
2 3
2 3
2 3
Case #171:
1 3
2 3
1 3
2 3
Case #172:
2 2
1 1
Case #173:
3 3
1 1
2 3
2 3
Case #174:
1 1
2 2
Case #175:
2 5
1 5
2 5
1 5
1 5
1 5
1 5
1 5
Case #176:
2 5
1 5
1 5
2 5
1 5
1 5
1 5
1 5
Case #177:
1 1
2 2
Case #178:
2 3
1 1
2 3
2 3
Case #179:
2 5
1 5
3 5
1 5
1 5
3 5
1 5
1 5
Case #180:
1 5
1 5
2 5
1 5
2 5
1 5
1 5
2 5
Case #181:
1 1
2 2
Case #182:
2 3
1 1
2 3
3 3
Case #183:
1 9
1 9
1 9
1 9
1 9
1 9
1 9
1 9
1 9
2 9
1 9
1 9
1 9
1 9
1 9
1 9
Case #184:
1 3
2 3
1 3
2 3
Case #185:
1 1
2 2
Case #186:
1 5
1 5
3 5
1 5
1 5
2 5
1 5
2 5
Case #187:
2 3
3 3
2 3
1 1
Case #188:
2 3
1 1
2 3
2 3
Case #189:
1 1
2 2
Case #190:
1 9
1 9
1 9
1 9
1 9
1 9
1 9
1 9
1 9
1 9
1 9
1 9
1 9
1 9
1 9
1 9
Case #191:
2 2
1 1
Case #192:
2 3
1 3
2 3
1 3
Case #193:
1 1
2 3
2 3
2 3
Case #194:
1 9
1 9
1 9
1 9
1 9
1 9
1 9
1 9
1 9
1 9
1 9
1 9
1 9
1 9
1 9
1 9
Case #195:
2 5
1 5
1 5
1 5
1 5
1 5
1 5
1 5
Case #196:
2 2
1 1
Case #197:
2 3
1 3
2 3
1 3
Case #198:
1 5
2 5
2 5
2 5
1 5
1 5
1 5
1 5
Case #199:
1 9
1 9
1 9
1 9
1 9
1 9
1 9
1 9
1 9
1 9
1 9
1 9
1 9
1 9
1 9
1 9
Case #200:
1 1
2 2
Case #201:
1 3
2 3
1 3
2 3
Case #202:
2 3
1 3
1 3
2 3
Case #203:
1 5
1 5
1 5
1 5
1 5
1 5
2 5
1 5
Case #204:
2 2
1 1
Case #205:
1 3
1 3
2 3
2 3
Case #206:
1 1
2 2
Case #207:
1 5
3 5
1 5
1 5
1 5
1 5
1 5
1 5
Case #208:
1 5
1 5
1 5
1 5
1 5
2 5
1 5
1 5
Case #209:
1 1
2 2
Case #210:
3 3
1 3
1 3
1 3
Case #211:
1 1
2 2
Case #212:
1 5
1 5
1 5
1 5
1 5
2 5
1 5
3 5
Case #213:
1 5
1 5
2 5
1 5
3 5
1 5
1 5
1 5
Case #214:
1 5
1 5
1 5
1 5
5 5
1 5
1 5
1 5
Case #215:
1 9
1 9
1 9
1 9
1 9
1 9
1 9
1 9
1 9
1 9
1 9
1 9
1 9
1 9
1 9
1 9
Case #216:
1 1
2 2
Case #217:
1 9
1 9
1 9
1 9
1 9
1 9
1 9
1 9
1 9
1 9
1 9
1 9
1 9
1 9
1 9
1 9
Case #218:
1 9
1 9
1 9
1 9
1 9
1 9
1 9
1 9
1 9
1 9
1 9
1 9
1 9
1 9
1 9
1 9
Case #219:
2 5
1 5
1 5
2 5
1 5
1 5
1 5
1 5
Case #220:
2 2
1 1
Case #221:
1 5
1 5
2 5
1 5
1 5
1 5
2 5
1 5
Case #222:
1 1
2 2
Case #223:
1 1
2 2
Case #224:
1 3
2 3
1 3
2 3
Case #225:
2 3
3 3
1 1
2 3
Case #226:
1 9
1 9
1 9
1 9
1 9
1 9
1 9
1 9
1 9
1 9
1 9
1 9
1 9
1 9
1 9
1 9
Case #227:
1 1
2 2
Case #228:
1 3
2 3
1 3
2 3
Case #229:
2 3
1 3
2 3
1 3
Case #230:
1 5
1 5
2 5
1 5
1 5
1 5
1 5
1 5
Case #231:
1 3
2 3
1 3
2 3
Case #232:
2 5
1 5
1 5
1 5
3 5
1 5
1 5
1 5
Case #233:
1 9
1 9
1 9
1 9
1 9
1 9
1 9
1 9
1 9
1 9
1 9
1 9
1 9
1 9
1 9
1 9
Case #234:
3 3
1 1
2 3
2 3
Case #235:
2 5
3 5
1 5
1 5
2 5
1 5
1 5
1 5
Case #236:
2 3
1 3
1 3
2 3
Case #237:
1 5
1 5
1 5
1 5
1 5
1 5
3 5
2 5
Case #238:
1 1
2 2
Case #239:
1 5
3 5
1 5
1 5
2 5
1 5
1 5
2 5
Case #240:
1 9
1 9
1 9
1 9
1 9
1 9
1 9
1 9
1 9
1 9
1 9
1 9
1 9
1 9
2 9
1 9
Case #241:
2 3
2 3
2 3
1 1
Case #242:
1 9
1 9
1 9
1 9
1 9
1 9
2 9
1 9
1 9
1 9
1 9
1 9
1 9
1 9
1 9
1 9
Case #243:
3 3
2 3
1 1
2 3
Case #244:
2 2
1 1
Case #245:
1 9
1 9
1 9
1 9
1 9
1 9
1 9
1 9
1 9
1 9
1 9
1 9
1 9
1 9
1 9
1 9
Case #246:
2 2
1 1
Case #247:
1 5
1 5
1 5
2 5
2 5
1 5
2 5
1 5
Case #248:
1 9
1 9
1 9
1 9
1 9
1 9
1 9
1 9
1 9
1 9
1 9
1 9
1 9
1 9
1 9
1 9
Case #249:
2 3
2 3
1 1
2 3
Case #250:
1 5
1 5
2 5
1 5
1 5
3 5
2 5
2 5
Case #251:
1 9
1 9
1 9
1 9
1 9
1 9
1 9
1 9
1 9
1 9
1 9
1 9
1 9
1 9
1 9
2 9
Case #252:
1 5
2 5
1 5
1 5
1 5
1 5
2 5
1 5
Case #253:
1 3
1 3
2 3
2 3
Case #254:
1 5
1 5
1 5
1 5
1 5
2 5
1 5
1 5
Case #255:
1 9
1 9
1 9
1 9
1 9
1 9
1 9
1 9
1 9
1 9
1 9
1 9
1 9
1 9
1 9
1 9
Case #256:
2 2
1 1
Case #257:
1 5
1 5
3 5
2 5
1 5
1 5
1 5
1 5
Case #258:
1 5
1 5
1 5
1 5
1 5
1 5
1 5
3 5
Case #259:
2 5
5 5
1 5
1 5
1 5
2 5
2 5
1 5
Case #260:
1 5
1 5
2 5
1 5
2 5
1 5
1 5
1 5
Case #261:
1 9
1 9
1 9
1 9
1 9
1 9
1 9
1 9
1 9
1 9
1 9
1 9
1 9
1 9
1 9
2 9
Case #262:
2 2
1 1
Case #263:
1 1
2 3
3 3
2 3
Case #264:
3 3
1 1
2 3
2 3
Case #265:
2 2
1 1
Case #266:
2 2
1 1
Case #267:
2 2
1 1
Case #268:
2 2
1 1
Case #269:
2 3
1 1
3 3
2 3
Case #270:
1 1
2 2
Case #271:
2 2
1 1
Case #272:
2 2
1 1
Case #273:
1 5
3 5
1 5
1 5
1 5
1 5
1 5
1 5
Case #274:
1 5
3 5
1 5
1 5
1 5
1 5
2 5
2 5
Case #275:
3 3
2 3
1 1
2 3
Case #276:
1 5
2 5
2 5
1 5
1 5
2 5
1 5
1 5
Case #277:
1 9
1 9
1 9
1 9
1 9
1 9
1 9
1 9
1 9
1 9
1 9
1 9
1 9
1 9
1 9
1 9
Case #278:
2 2
1 1
Case #279:
1 1
2 3
2 3
2 3
Case #280:
1 3
1 3
2 3
2 3
Case #281:
1 5
1 5
2 5
1 5
2 5
1 5
2 5
2 5
Case #282:
1 5
2 5
1 5
1 5
1 5
3 5
1 5
1 5
Case #283:
1 1
2 2
Case #284:
1 9
1 9
1 9
1 9
1 9
1 9
1 9
1 9
1 9
1 9
1 9
1 9
1 9
1 9
1 9
1 9
Case #285:
1 1
2 2
Case #286:
1 5
2 5
1 5
2 5
1 5
1 5
1 5
1 5
Case #287:
1 9
1 9
1 9
1 9
1 9
1 9
1 9
1 9
1 9
1 9
1 9
1 9
1 9
1 9
1 9
1 9
Case #288:
1 9
1 9
1 9
1 9
1 9
1 9
1 9
1 9
1 9
1 9
1 9
1 9
1 9
1 9
1 9
1 9
Case #289:
1 1
2 3
2 3
3 3
Case #290:
1 5
1 5
1 5
1 5
1 5
1 5
1 5
2 5
Case #291:
2 2
1 1
Case #292:
2 3
2 3
1 3
1 3
Case #293:
1 9
1 9
1 9
1 9
1 9
1 9
1 9
1 9
1 9
1 9
1 9
1 9
1 9
1 9
1 9
1 9
Case #294:
2 2
1 1
Case #295:
2 3
2 3
1 3
1 3
Case #296:
2 5
2 5
2 5
1 1
2 5
2 5
2 5
2 5
Case #297:
1 9
1 9
1 9
1 9
1 9
1 9
1 9
1 9
1 9
1 9
1 9
1 9
1 9
1 9
1 9
1 9
Case #298:
1 9
1 9
1 9
1 9
1 9
1 9
1 9
1 9
1 9
1 9
1 9
1 9
1 9
1 9
1 9
1 9
Case #299:
1 3
1 3
1 3
3 3
Case #300:
1 5
1 5
1 5
1 5
2 5
2 5
1 5
2 5
Case #301:
1 9
1 9
1 9
1 9
1 9
1 9
1 9
1 9
1 9
1 9
1 9
1 9
1 9
1 9
1 9
1 9
Case #302:
1 3
2 3
2 3
1 3
Case #303:
2 2
1 1
Case #304:
2 3
1 3
1 3
2 3
Case #305:
1 9
1 9
1 9
1 9
1 9
1 9
1 9
1 9
1 9
1 9
1 9
1 9
3 9
1 9
1 9
1 9
